<?xml version="1.0" encoding="UTF-8"?>
<!-- Generated by org.testng.reporters.JUnitXMLReporter -->
<testsuite ignored="10" hostname="LAPTOP-9KSIAF9N" failures="0" tests="2" name="Regression" time="0.071" errors="0" timestamp="2023-11-18T23:19:09 GMT">
  <testcase classname="testNG.demo1" name="test3" time="0.01"/>
  <testcase classname="testNG.demo2" name="test4" time="0.002"/>
  <testcase classname="selenium.JavaStreams" name="Regular" time="0.0">
    <ignored/>
  </testcase> <!-- Regular -->
  <testcase classname="testNG.demo2" name="test8" time="0.0">
    <ignored/>
  </testcase> <!-- test8 -->
  <testcase classname="testNG.demo2" name="Logindetails" time="0.0">
    <ignored/>
  </testcase> <!-- Logindetails -->
  <testcase classname="testNG.demo1" name="test2" time="0.0">
    <ignored/>
  </testcase> <!-- test2 -->
  <testcase classname="selenium.JavaStreams" name="CollectStream" time="0.0">
    <ignored/>
  </testcase> <!-- CollectStream -->
  <testcase classname="testNG.demo2" name="Wtest7" time="0.0">
    <ignored/>
  </testcase> <!-- Wtest7 -->
  <testcase classname="testNG.demo2" name="Login" time="0.0">
    <ignored/>
  </testcase> <!-- Login -->
  <testcase classname="testNG.demo2" name="Atest6" time="0.0">
    <ignored/>
  </testcase> <!-- Atest6 -->
  <testcase classname="testNG.demo2" name="Atest11" time="0.0">
    <ignored/>
  </testcase> <!-- Atest11 -->
  <testcase classname="testNG.demo1" name="test1" time="0.0">
    <ignored/>
  </testcase> <!-- test1 -->
</testsuite> <!-- Regression -->
