<?xml version="1.0" encoding="UTF-8"?>
<testng-results ignored="0" total="2" passed="2" failed="0" skipped="0">
  <reporter-output>
  </reporter-output>
  <suite started-at="2023-11-19T22:33:44 GMT" name="Default suite" finished-at="2023-11-19T22:33:44 GMT" duration-ms="74">
    <groups>
    </groups>
    <test started-at="2023-11-19T22:33:44 GMT" name="Default test" finished-at="2023-11-19T22:33:44 GMT" duration-ms="74">
      <class name="Pack.Ps1">
        <test-method signature="testrun()[pri:0, instance:Pack.Ps1@7a419da4]" started-at="2023-11-19T22:33:44 GMT" name="testrun" finished-at="2023-11-19T22:33:44 GMT" duration-ms="12" status="PASS">
          <reporter-output>
          </reporter-output>
        </test-method> <!-- testrun -->
        <test-method signature="test()[pri:0, instance:Pack.Ps1@7a419da4]" started-at="2023-11-19T22:33:44 GMT" name="test" finished-at="2023-11-19T22:33:44 GMT" duration-ms="4" status="PASS">
          <reporter-output>
          </reporter-output>
        </test-method> <!-- test -->
      </class> <!-- Pack.Ps1 -->
    </test> <!-- Default test -->
  </suite> <!-- Default suite -->
</testng-results>
